2026-07-09T06:17:05.325Z [ERROR] Visitor tracking failed: Table 'aarnav_structura.website_visits' doesn't exist
2026-07-09T06:23:22.029Z [ERROR] Visitor tracking failed: Table 'aarnav_structura.website_visits' doesn't exist
2026-07-09T06:23:26.140Z [ERROR] POST /api/enquiry — Table 'aarnav_structura.enquiries' doesn't exist
Error: Table 'aarnav_structura.enquiries' doesn't exist
    at dualWrite (file:///C:/Users/sanja/Downloads/files/aarnav-structura-backend/config/db.js:62:41)
    at Object.create (file:///C:/Users/sanja/Downloads/files/aarnav-structura-backend/models/Enquiry.js:9:26)
    at file:///C:/Users/sanja/Downloads/files/aarnav-structura-backend/controllers/enquiryController.js:13:33
    at file:///C:/Users/sanja/Downloads/files/aarnav-structura-backend/middleware/errorHandler.js:5:73
    at Layer.handle [as handle_request] (C:\Users\sanja\Downloads\files\aarnav-structura-backend\node_modules\express\lib\router\layer.js:95:5)
    at next (C:\Users\sanja\Downloads\files\aarnav-structura-backend\node_modules\express\lib\router\route.js:149:13)
    at middleware (C:\Users\sanja\Downloads\files\aarnav-structura-backend\node_modules\express-validator\lib\middlewares\check.js:16:13)
    at process.processTicksAndRejections (node:internal/process/task_queues:105:5)
2026-07-09T06:23:26.854Z [ERROR] POST /api/enquiry — Table 'aarnav_structura.enquiries' doesn't exist
Error: Table 'aarnav_structura.enquiries' doesn't exist
    at dualWrite (file:///C:/Users/sanja/Downloads/files/aarnav-structura-backend/config/db.js:62:41)
    at Object.create (file:///C:/Users/sanja/Downloads/files/aarnav-structura-backend/models/Enquiry.js:9:26)
    at file:///C:/Users/sanja/Downloads/files/aarnav-structura-backend/controllers/enquiryController.js:13:33
    at file:///C:/Users/sanja/Downloads/files/aarnav-structura-backend/middleware/errorHandler.js:5:73
    at Layer.handle [as handle_request] (C:\Users\sanja\Downloads\files\aarnav-structura-backend\node_modules\express\lib\router\layer.js:95:5)
    at next (C:\Users\sanja\Downloads\files\aarnav-structura-backend\node_modules\express\lib\router\route.js:149:13)
    at middleware (C:\Users\sanja\Downloads\files\aarnav-structura-backend\node_modules\express-validator\lib\middlewares\check.js:16:13)
    at process.processTicksAndRejections (node:internal/process/task_queues:105:5)
2026-07-09T06:23:27.074Z [ERROR] POST /api/enquiry — Table 'aarnav_structura.enquiries' doesn't exist
Error: Table 'aarnav_structura.enquiries' doesn't exist
    at dualWrite (file:///C:/Users/sanja/Downloads/files/aarnav-structura-backend/config/db.js:62:41)
    at Object.create (file:///C:/Users/sanja/Downloads/files/aarnav-structura-backend/models/Enquiry.js:9:26)
    at file:///C:/Users/sanja/Downloads/files/aarnav-structura-backend/controllers/enquiryController.js:13:33
    at file:///C:/Users/sanja/Downloads/files/aarnav-structura-backend/middleware/errorHandler.js:5:73
    at Layer.handle [as handle_request] (C:\Users\sanja\Downloads\files\aarnav-structura-backend\node_modules\express\lib\router\layer.js:95:5)
    at next (C:\Users\sanja\Downloads\files\aarnav-structura-backend\node_modules\express\lib\router\route.js:149:13)
    at middleware (C:\Users\sanja\Downloads\files\aarnav-structura-backend\node_modules\express-validator\lib\middlewares\check.js:16:13)
    at process.processTicksAndRejections (node:internal/process/task_queues:105:5)
2026-07-09T06:23:27.310Z [ERROR] POST /api/enquiry — Table 'aarnav_structura.enquiries' doesn't exist
Error: Table 'aarnav_structura.enquiries' doesn't exist
    at dualWrite (file:///C:/Users/sanja/Downloads/files/aarnav-structura-backend/config/db.js:62:41)
    at Object.create (file:///C:/Users/sanja/Downloads/files/aarnav-structura-backend/models/Enquiry.js:9:26)
    at file:///C:/Users/sanja/Downloads/files/aarnav-structura-backend/controllers/enquiryController.js:13:33
    at file:///C:/Users/sanja/Downloads/files/aarnav-structura-backend/middleware/errorHandler.js:5:73
    at Layer.handle [as handle_request] (C:\Users\sanja\Downloads\files\aarnav-structura-backend\node_modules\express\lib\router\layer.js:95:5)
    at next (C:\Users\sanja\Downloads\files\aarnav-structura-backend\node_modules\express\lib\router\route.js:149:13)
    at middleware (C:\Users\sanja\Downloads\files\aarnav-structura-backend\node_modules\express-validator\lib\middlewares\check.js:16:13)
    at process.processTicksAndRejections (node:internal/process/task_queues:105:5)
2026-07-09T06:23:27.482Z [ERROR] POST /api/enquiry — Table 'aarnav_structura.enquiries' doesn't exist
Error: Table 'aarnav_structura.enquiries' doesn't exist
    at dualWrite (file:///C:/Users/sanja/Downloads/files/aarnav-structura-backend/config/db.js:62:41)
    at Object.create (file:///C:/Users/sanja/Downloads/files/aarnav-structura-backend/models/Enquiry.js:9:26)
    at file:///C:/Users/sanja/Downloads/files/aarnav-structura-backend/controllers/enquiryController.js:13:33
    at file:///C:/Users/sanja/Downloads/files/aarnav-structura-backend/middleware/errorHandler.js:5:73
    at Layer.handle [as handle_request] (C:\Users\sanja\Downloads\files\aarnav-structura-backend\node_modules\express\lib\router\layer.js:95:5)
    at next (C:\Users\sanja\Downloads\files\aarnav-structura-backend\node_modules\express\lib\router\route.js:149:13)
    at middleware (C:\Users\sanja\Downloads\files\aarnav-structura-backend\node_modules\express-validator\lib\middlewares\check.js:16:13)
    at process.processTicksAndRejections (node:internal/process/task_queues:105:5)
2026-07-09T06:23:27.660Z [ERROR] POST /api/enquiry — Table 'aarnav_structura.enquiries' doesn't exist
Error: Table 'aarnav_structura.enquiries' doesn't exist
    at dualWrite (file:///C:/Users/sanja/Downloads/files/aarnav-structura-backend/config/db.js:62:41)
    at Object.create (file:///C:/Users/sanja/Downloads/files/aarnav-structura-backend/models/Enquiry.js:9:26)
    at file:///C:/Users/sanja/Downloads/files/aarnav-structura-backend/controllers/enquiryController.js:13:33
    at file:///C:/Users/sanja/Downloads/files/aarnav-structura-backend/middleware/errorHandler.js:5:73
    at Layer.handle [as handle_request] (C:\Users\sanja\Downloads\files\aarnav-structura-backend\node_modules\express\lib\router\layer.js:95:5)
    at next (C:\Users\sanja\Downloads\files\aarnav-structura-backend\node_modules\express\lib\router\route.js:149:13)
    at middleware (C:\Users\sanja\Downloads\files\aarnav-structura-backend\node_modules\express-validator\lib\middlewares\check.js:16:13)
    at process.processTicksAndRejections (node:internal/process/task_queues:105:5)
2026-07-09T06:23:27.828Z [ERROR] POST /api/enquiry — Table 'aarnav_structura.enquiries' doesn't exist
Error: Table 'aarnav_structura.enquiries' doesn't exist
    at dualWrite (file:///C:/Users/sanja/Downloads/files/aarnav-structura-backend/config/db.js:62:41)
    at Object.create (file:///C:/Users/sanja/Downloads/files/aarnav-structura-backend/models/Enquiry.js:9:26)
    at file:///C:/Users/sanja/Downloads/files/aarnav-structura-backend/controllers/enquiryController.js:13:33
    at file:///C:/Users/sanja/Downloads/files/aarnav-structura-backend/middleware/errorHandler.js:5:73
    at Layer.handle [as handle_request] (C:\Users\sanja\Downloads\files\aarnav-structura-backend\node_modules\express\lib\router\layer.js:95:5)
    at next (C:\Users\sanja\Downloads\files\aarnav-structura-backend\node_modules\express\lib\router\route.js:149:13)
    at middleware (C:\Users\sanja\Downloads\files\aarnav-structura-backend\node_modules\express-validator\lib\middlewares\check.js:16:13)
    at process.processTicksAndRejections (node:internal/process/task_queues:105:5)
2026-07-09T06:23:27.985Z [ERROR] POST /api/enquiry — Table 'aarnav_structura.enquiries' doesn't exist
Error: Table 'aarnav_structura.enquiries' doesn't exist
    at dualWrite (file:///C:/Users/sanja/Downloads/files/aarnav-structura-backend/config/db.js:62:41)
    at Object.create (file:///C:/Users/sanja/Downloads/files/aarnav-structura-backend/models/Enquiry.js:9:26)
    at file:///C:/Users/sanja/Downloads/files/aarnav-structura-backend/controllers/enquiryController.js:13:33
    at file:///C:/Users/sanja/Downloads/files/aarnav-structura-backend/middleware/errorHandler.js:5:73
    at Layer.handle [as handle_request] (C:\Users\sanja\Downloads\files\aarnav-structura-backend\node_modules\express\lib\router\layer.js:95:5)
    at next (C:\Users\sanja\Downloads\files\aarnav-structura-backend\node_modules\express\lib\router\route.js:149:13)
    at middleware (C:\Users\sanja\Downloads\files\aarnav-structura-backend\node_modules\express-validator\lib\middlewares\check.js:16:13)
    at process.processTicksAndRejections (node:internal/process/task_queues:105:5)
2026-07-09T06:23:28.160Z [ERROR] POST /api/enquiry — Table 'aarnav_structura.enquiries' doesn't exist
Error: Table 'aarnav_structura.enquiries' doesn't exist
    at dualWrite (file:///C:/Users/sanja/Downloads/files/aarnav-structura-backend/config/db.js:62:41)
    at Object.create (file:///C:/Users/sanja/Downloads/files/aarnav-structura-backend/models/Enquiry.js:9:26)
    at file:///C:/Users/sanja/Downloads/files/aarnav-structura-backend/controllers/enquiryController.js:13:33
    at file:///C:/Users/sanja/Downloads/files/aarnav-structura-backend/middleware/errorHandler.js:5:73
    at Layer.handle [as handle_request] (C:\Users\sanja\Downloads\files\aarnav-structura-backend\node_modules\express\lib\router\layer.js:95:5)
    at next (C:\Users\sanja\Downloads\files\aarnav-structura-backend\node_modules\express\lib\router\route.js:149:13)
    at middleware (C:\Users\sanja\Downloads\files\aarnav-structura-backend\node_modules\express-validator\lib\middlewares\check.js:16:13)
    at process.processTicksAndRejections (node:internal/process/task_queues:105:5)
2026-07-09T06:23:28.323Z [ERROR] POST /api/enquiry — Table 'aarnav_structura.enquiries' doesn't exist
Error: Table 'aarnav_structura.enquiries' doesn't exist
    at dualWrite (file:///C:/Users/sanja/Downloads/files/aarnav-structura-backend/config/db.js:62:41)
    at Object.create (file:///C:/Users/sanja/Downloads/files/aarnav-structura-backend/models/Enquiry.js:9:26)
    at file:///C:/Users/sanja/Downloads/files/aarnav-structura-backend/controllers/enquiryController.js:13:33
    at file:///C:/Users/sanja/Downloads/files/aarnav-structura-backend/middleware/errorHandler.js:5:73
    at Layer.handle [as handle_request] (C:\Users\sanja\Downloads\files\aarnav-structura-backend\node_modules\express\lib\router\layer.js:95:5)
    at next (C:\Users\sanja\Downloads\files\aarnav-structura-backend\node_modules\express\lib\router\route.js:149:13)
    at middleware (C:\Users\sanja\Downloads\files\aarnav-structura-backend\node_modules\express-validator\lib\middlewares\check.js:16:13)
    at process.processTicksAndRejections (node:internal/process/task_queues:105:5)
2026-07-09T06:27:12.253Z [ERROR] Email failed (New enquiry — Sanjay T (Renovation & restoration) -> satvikrajgowda282@gmail.com): Invalid login: 535-5.7.8 Username and Password not accepted. For more information, go to
535 5.7.8  https://support.google.com/mail/?p=BadCredentials a92af1059eb24-13b659d8da9sm43108007c88.14 - gsmtp
2026-07-09T06:27:12.276Z [ERROR] Email failed (We've received your project brief — Aarnav Structura -> sanjaykundakar16@gmail.com): Invalid login: 535-5.7.8 Username and Password not accepted. For more information, go to
535 5.7.8  https://support.google.com/mail/?p=BadCredentials 5a478bee46e88-31174892711sm28220928eec.13 - gsmtp
2026-07-09T16:40:12.751Z [ERROR] Email failed (New enquiry — undefined (General) -> your_email@gmail.com): Invalid login: 535-5.7.8 Username and Password not accepted. For more information, go to
535 5.7.8  https://support.google.com/mail/?p=BadCredentials a92af1059eb24-13b659d7c8bsm34638926c88.12 - gsmtp
2026-07-09T16:40:12.760Z [ERROR] Email failed (We've received your project brief — Aarnav Structura -> sanjaykundakar16@gmail.com): Invalid login: 535-5.7.8 Username and Password not accepted. For more information, go to
535 5.7.8  https://support.google.com/mail/?p=BadCredentials 5a478bee46e88-31174892711sm33866296eec.13 - gsmtp
2026-07-09T17:48:08.910Z [ERROR] PATCH /api/admin/enquiries/undefined/status — Cast to ObjectId failed for value "undefined" (type string) at path "_id" for model "Enquiry"
CastError: Cast to ObjectId failed for value "undefined" (type string) at path "_id" for model "Enquiry"
    at SchemaObjectId.cast (C:\Users\sanja\Downloads\files\aarnav-structura-backend\node_modules\mongoose\lib\schema\objectId.js:253:11)
    at SchemaType.applySetters (C:\Users\sanja\Downloads\files\aarnav-structura-backend\node_modules\mongoose\lib\schemaType.js:1288:12)
    at SchemaType.castForQuery (C:\Users\sanja\Downloads\files\aarnav-structura-backend\node_modules\mongoose\lib\schemaType.js:1718:17)
    at cast (C:\Users\sanja\Downloads\files\aarnav-structura-backend\node_modules\mongoose\lib\cast.js:390:32)
    at Query.cast (C:\Users\sanja\Downloads\files\aarnav-structura-backend\node_modules\mongoose\lib\query.js:5060:12)
    at Query._castConditions (C:\Users\sanja\Downloads\files\aarnav-structura-backend\node_modules\mongoose\lib\query.js:2374:10)
    at model.Query._findOneAndUpdate (C:\Users\sanja\Downloads\files\aarnav-structura-backend\node_modules\mongoose\lib\query.js:3477:8)
    at model.Query.exec (C:\Users\sanja\Downloads\files\aarnav-structura-backend\node_modules\mongoose\lib\query.js:4627:80)
    at process.processTicksAndRejections (node:internal/process/task_queues:105:5)
    at async Object.updateStatus (file:///C:/Users/sanja/Downloads/files/aarnav-structura-backend/models/Enquiry.js:160:12)
    at async file:///C:/Users/sanja/Downloads/files/aarnav-structura-backend/controllers/enquiryController.js:89:19
2026-07-09T17:48:42.113Z [ERROR] Email failed (New enquiry — undefined (General) -> your_email@gmail.com): Invalid login: 535-5.7.8 Username and Password not accepted. For more information, go to
535 5.7.8  https://support.google.com/mail/?p=BadCredentials 5a478bee46e88-311838c9235sm26203377eec.21 - gsmtp
2026-07-09T17:48:42.294Z [ERROR] Email failed (We've received your project brief — Aarnav Structura -> sanjaykundakar16@gmail.com): Invalid login: 535-5.7.8 Username and Password not accepted. For more information, go to
535 5.7.8  https://support.google.com/mail/?p=BadCredentials 5a478bee46e88-31174accae5sm51442589eec.29 - gsmtp
