2026-07-09T16:36:41.271Z [ERROR] Error: listen EADDRINUSE: address already in use :::5000
    at Server.setupListenHandle [as _listen2] (node:net:1940:16)
    at listenInCluster (node:net:1997:12)
    at Server.listen (node:net:2102:7)
    at Function.listen (C:\Users\sanja\Downloads\files\aarnav-structura-backend\node_modules\express\lib\application.js:635:24)
    at startServer (file:///C:/Users/sanja/Downloads/files/aarnav-structura-backend/server.js:79:9)
    at process.processTicksAndRejections (node:internal/process/task_queues:105:5)
2026-07-09T16:38:37.885Z [ERROR] Error: listen EADDRINUSE: address already in use :::5000
    at Server.setupListenHandle [as _listen2] (node:net:1940:16)
    at listenInCluster (node:net:1997:12)
    at Server.listen (node:net:2102:7)
    at Function.listen (C:\Users\sanja\Downloads\files\aarnav-structura-backend\node_modules\express\lib\application.js:635:24)
    at startServer (file:///C:/Users/sanja/Downloads/files/aarnav-structura-backend/server.js:79:9)
    at process.processTicksAndRejections (node:internal/process/task_queues:105:5)
2026-07-09T16:39:40.714Z [ERROR] Error: listen EADDRINUSE: address already in use :::5000
    at Server.setupListenHandle [as _listen2] (node:net:1940:16)
    at listenInCluster (node:net:1997:12)
    at Server.listen (node:net:2102:7)
    at Function.listen (C:\Users\sanja\Downloads\files\aarnav-structura-backend\node_modules\express\lib\application.js:635:24)
    at startServer (file:///C:/Users/sanja/Downloads/files/aarnav-structura-backend/server.js:79:9)
    at process.processTicksAndRejections (node:internal/process/task_queues:105:5)
